<?xml version="1.0" encoding="UTF-8"?>
<testng-results ignored="0" total="2" passed="2" failed="0" skipped="0">
  <reporter-output>
  </reporter-output>
  <suite started-at="2023-07-16T09:30:02 IST" name="Suite" finished-at="2023-07-16T09:30:14 IST" duration-ms="12399">
    <groups>
    </groups>
    <test started-at="2023-07-16T09:30:02 IST" name="Test" finished-at="2023-07-16T09:30:14 IST" duration-ms="12399">
      <class name="loginPage.loginPageTest">
        <test-method is-config="true" signature="setupBrowser(java.lang.String)[pri:0, instance:loginPage.loginPageTest@5524cca1]" started-at="2023-07-16T09:30:02 IST" name="setupBrowser" finished-at="2023-07-16T09:30:09 IST" duration-ms="6747" status="PASS">
          <params>
            <param index="0">
              <value>
                <![CDATA[https://admin-demo.nopcommerce.com/login?ReturnUrl=%2Fadmin%2F]]>
              </value>
            </param>
          </params>
          <reporter-output>
          </reporter-output>
        </test-method> <!-- setupBrowser -->
        <test-method signature="setCredentials()[pri:0, instance:loginPage.loginPageTest@5524cca1]" started-at="2023-07-16T09:30:09 IST" name="setCredentials" finished-at="2023-07-16T09:30:10 IST" duration-ms="597" status="PASS">
          <reporter-output>
          </reporter-output>
        </test-method> <!-- setCredentials -->
        <test-method signature="submit()[pri:1, instance:loginPage.loginPageTest@5524cca1]" started-at="2023-07-16T09:30:10 IST" name="submit" finished-at="2023-07-16T09:30:14 IST" duration-ms="3972" status="PASS">
          <reporter-output>
          </reporter-output>
        </test-method> <!-- submit -->
        <test-method is-config="true" signature="browserclose()[pri:0, instance:loginPage.loginPageTest@5524cca1]" started-at="2023-07-16T09:30:14 IST" name="browserclose" finished-at="2023-07-16T09:30:14 IST" duration-ms="277" status="PASS">
          <reporter-output>
          </reporter-output>
        </test-method> <!-- browserclose -->
      </class> <!-- loginPage.loginPageTest -->
    </test> <!-- Test -->
  </suite> <!-- Suite -->
</testng-results>
